1658263462137	geckodriver	INFO	Listening on 127.0.0.1:52245
1658263465285	mozrunner::runner	INFO	Running command: "C:\\Program Files\\Mozilla Firefox\\firefox.exe" "--marionette" "--remote-debugging-port" "52246" "-no-remote" "-profile" "C:\\Users\\KUNALT~1\\AppData\\Local\\Temp\\rust_mozprofileMQfRHh"
1658263465714	Marionette	INFO	Marionette enabled
console.warn: SearchSettings: "get: No settings file exists, new profile?" (new NotFoundError("Could not open the file at C:\\Users\\KUNALT~1\\AppData\\Local\\Temp\\rust_mozprofileMQfRHh\\search.json.mozlz4", (void 0)))
DevTools listening on ws://localhost:52246/devtools/browser/4f1ad19e-74e5-411e-b327-57eaf7707d35
1658263468154	Marionette	INFO	Listening on port 52251
1658263468495	RemoteAgent	WARN	TLS certificate errors will be ignored for this session
1658263480838	Marionette	INFO	Stopped listening on port 52251
console.warn: TopSitesFeed: Failed to fetch data from Contile server: NetworkError when attempting to fetch resource.
JavaScript error: chrome://remote/content/marionette/cert.js, line 55: NS_ERROR_NOT_AVAILABLE: Component returned failure code: 0x80040111 (NS_ERROR_NOT_AVAILABLE) [nsICertOverrideService.setDisableAllSecurityChecksAndLetAttackersInterceptMyData]
1658263657656	geckodriver	INFO	Listening on 127.0.0.1:52354
1658263660730	mozrunner::runner	INFO	Running command: "C:\\Program Files\\Mozilla Firefox\\firefox.exe" "--marionette" "--remote-debugging-port" "52355" "-no-remote" "-profile" "C:\\Users\\KUNALT~1\\AppData\\Local\\Temp\\rust_mozprofileIFUYsA"
1658263661279	Marionette	INFO	Marionette enabled
console.warn: SearchSettings: "get: No settings file exists, new profile?" (new NotFoundError("Could not open the file at C:\\Users\\KUNALT~1\\AppData\\Local\\Temp\\rust_mozprofileIFUYsA\\search.json.mozlz4", (void 0)))
DevTools listening on ws://localhost:52355/devtools/browser/0239d3c8-522d-48b5-8781-987ef7bb5ca3
1658263663937	Marionette	INFO	Listening on port 52360
1658263664525	RemoteAgent	WARN	TLS certificate errors will be ignored for this session
1658263673671	Marionette	INFO	Stopped listening on port 52360
console.warn: TopSitesFeed: Failed to fetch data from Contile server: NetworkError when attempting to fetch resource.
JavaScript error: chrome://remote/content/marionette/cert.js, line 55: NS_ERROR_NOT_AVAILABLE: Component returned failure code: 0x80040111 (NS_ERROR_NOT_AVAILABLE) [nsICertOverrideService.setDisableAllSecurityChecksAndLetAttackersInterceptMyData]
